  [1m[35m (2.6ms)[0m  [1m[34mSELECT sqlite_version(*)[0m
  [1m[35m (1.8ms)[0m  [1m[35mCREATE TABLE "schema_migrations" ("version" varchar NOT NULL PRIMARY KEY)[0m
  [1m[35m (2.1ms)[0m  [1m[35mCREATE TABLE "ar_internal_metadata" ("key" varchar NOT NULL PRIMARY KEY, "value" varchar, "created_at" datetime(6) NOT NULL, "updated_at" datetime(6) NOT NULL)[0m
  [1m[35m (0.2ms)[0m  [1m[34mSELECT "schema_migrations"."version" FROM "schema_migrations" ORDER BY "schema_migrations"."version" ASC[0m
Migrating to CreateCreditCards (20200118202145)
  [1m[35m (0.1ms)[0m  [1m[36mbegin transaction[0m
  [1m[35m (0.4ms)[0m  [1m[35mCREATE TABLE "credit_cards" ("id" integer PRIMARY KEY AUTOINCREMENT NOT NULL, "card_name" varchar, "last_four" integer, "exp_date" varchar, "balance" float, "created_at" datetime(6) NOT NULL, "updated_at" datetime(6) NOT NULL)[0m
  [1m[36mprimary::SchemaMigration Create (0.2ms)[0m  [1m[32mINSERT INTO "schema_migrations" ("version") VALUES (?)[0m  [["version", "20200118202145"]]
  [1m[35m (3.0ms)[0m  [1m[36mcommit transaction[0m
  [1m[36mActiveRecord::InternalMetadata Load (0.1ms)[0m  [1m[34mSELECT "ar_internal_metadata".* FROM "ar_internal_metadata" WHERE "ar_internal_metadata"."key" = ? LIMIT ?[0m  [["key", "environment"], ["LIMIT", 1]]
  [1m[35m (0.0ms)[0m  [1m[36mbegin transaction[0m
  [1m[36mActiveRecord::InternalMetadata Create (0.6ms)[0m  [1m[32mINSERT INTO "ar_internal_metadata" ("key", "value", "created_at", "updated_at") VALUES (?, ?, ?, ?)[0m  [["key", "environment"], ["value", "development"], ["created_at", "2020-01-18 20:42:53.865550"], ["updated_at", "2020-01-18 20:42:53.865550"]]
  [1m[35m (1.9ms)[0m  [1m[36mcommit transaction[0m
  [1m[35m (0.0ms)[0m  [1m[34mSELECT sqlite_version(*)[0m
  [1m[35m (0.2ms)[0m  [1m[34mSELECT "schema_migrations"."version" FROM "schema_migrations" ORDER BY "schema_migrations"."version" ASC[0m
  [1m[35m (1.2ms)[0m  [1m[34mSELECT sqlite_version(*)[0m
  [1m[35m (0.4ms)[0m  [1m[34mSELECT "schema_migrations"."version" FROM "schema_migrations" ORDER BY "schema_migrations"."version" ASC[0m
Migrating to CreateTransactions (20200122135257)
  [1m[35m (0.0ms)[0m  [1m[36mbegin transaction[0m
  [1m[35m (0.5ms)[0m  [1m[35mCREATE TABLE "transactions" ("id" integer PRIMARY KEY AUTOINCREMENT NOT NULL, "amount" float, "date" date, "credit_card_id" integer NOT NULL, "created_at" datetime(6) NOT NULL, "updated_at" datetime(6) NOT NULL, CONSTRAINT "fk_rails_d41a14cc5b"
FOREIGN KEY ("credit_card_id")
  REFERENCES "credit_cards" ("id")
)[0m
  [1m[35m (0.3ms)[0m  [1m[35mCREATE  INDEX "index_transactions_on_credit_card_id" ON "transactions" ("credit_card_id")[0m
  [1m[36mprimary::SchemaMigration Create (0.3ms)[0m  [1m[32mINSERT INTO "schema_migrations" ("version") VALUES (?)[0m  [["version", "20200122135257"]]
  [1m[35m (1.3ms)[0m  [1m[36mcommit transaction[0m
  [1m[36mActiveRecord::InternalMetadata Load (1.3ms)[0m  [1m[34mSELECT "ar_internal_metadata".* FROM "ar_internal_metadata" WHERE "ar_internal_metadata"."key" = ? LIMIT ?[0m  [["key", "environment"], ["LIMIT", 1]]
  [1m[35m (0.1ms)[0m  [1m[34mSELECT sqlite_version(*)[0m
  [1m[35m (0.2ms)[0m  [1m[34mSELECT "schema_migrations"."version" FROM "schema_migrations" ORDER BY "schema_migrations"."version" ASC[0m
  [1m[35m (0.4ms)[0m  [1m[34mSELECT sqlite_version(*)[0m
  [1m[35m (0.1ms)[0m  [1m[36mbegin transaction[0m
  [1m[36mCreditCard Create (0.5ms)[0m  [1m[32mINSERT INTO "credit_cards" ("card_name", "last_four", "balance", "created_at", "updated_at") VALUES (?, ?, ?, ?, ?)[0m  [["card_name", "Amex"], ["last_four", 1234], ["balance", 1230.89], ["created_at", "2020-01-22 13:57:45.092212"], ["updated_at", "2020-01-22 13:57:45.092212"]]
  [1m[35m (2.9ms)[0m  [1m[36mcommit transaction[0m
  [1m[35m (0.0ms)[0m  [1m[36mbegin transaction[0m
  [1m[36mTransaction Create (0.4ms)[0m  [1m[32mINSERT INTO "transactions" ("amount", "date", "credit_card_id", "created_at", "updated_at") VALUES (?, ?, ?, ?, ?)[0m  [["amount", 200.25], ["date", "2020-01-22"], ["credit_card_id", 1], ["created_at", "2020-01-22 14:02:33.535304"], ["updated_at", "2020-01-22 14:02:33.535304"]]
  [1m[35m (1.2ms)[0m  [1m[36mcommit transaction[0m
  [1m[36mTransaction Load (0.2ms)[0m  [1m[34mSELECT "transactions".* FROM "transactions" LIMIT ?[0m  [["LIMIT", 11]]
  [1m[36mCreditCard Load (0.2ms)[0m  [1m[34mSELECT "credit_cards".* FROM "credit_cards" LIMIT ?[0m  [["LIMIT", 11]]
Started GET "/api/v1/credit_cards" for ::1 at 2020-01-22 08:12:11 -0600
  [1m[35m (1.4ms)[0m  [1m[34mSELECT sqlite_version(*)[0m
  [1m[35m (0.2ms)[0m  [1m[34mSELECT "schema_migrations"."version" FROM "schema_migrations" ORDER BY "schema_migrations"."version" ASC[0m
Processing by Api::V1::CreditCardsController#index as HTML
  [1m[36mCreditCard Load (0.1ms)[0m  [1m[34mSELECT "credit_cards".* FROM "credit_cards"[0m
  ↳ app/controllers/credit_cards_controller.rb:5:in `index'
  [1m[36mTransaction Load (0.2ms)[0m  [1m[34mSELECT "transactions".* FROM "transactions" WHERE "transactions"."credit_card_id" = ?[0m  [["credit_card_id", 1]]
  ↳ app/controllers/credit_cards_controller.rb:5:in `index'
Completed 200 OK in 25ms (Views: 21.1ms | ActiveRecord: 1.7ms | Allocations: 14737)


Started GET "/favicon.ico" for ::1 at 2020-01-22 08:12:11 -0600
  
ActionController::RoutingError (No route matches [GET] "/favicon.ico"):
  
actionpack (6.0.2.1) lib/action_dispatch/middleware/debug_exceptions.rb:36:in `call'
actionpack (6.0.2.1) lib/action_dispatch/middleware/show_exceptions.rb:33:in `call'
railties (6.0.2.1) lib/rails/rack/logger.rb:38:in `call_app'
railties (6.0.2.1) lib/rails/rack/logger.rb:26:in `block in call'
activesupport (6.0.2.1) lib/active_support/tagged_logging.rb:80:in `block in tagged'
activesupport (6.0.2.1) lib/active_support/tagged_logging.rb:28:in `tagged'
activesupport (6.0.2.1) lib/active_support/tagged_logging.rb:80:in `tagged'
railties (6.0.2.1) lib/rails/rack/logger.rb:26:in `call'
actionpack (6.0.2.1) lib/action_dispatch/middleware/remote_ip.rb:81:in `call'
actionpack (6.0.2.1) lib/action_dispatch/middleware/request_id.rb:27:in `call'
rack (2.1.1) lib/rack/runtime.rb:24:in `call'
activesupport (6.0.2.1) lib/active_support/cache/strategy/local_cache_middleware.rb:29:in `call'
actionpack (6.0.2.1) lib/action_dispatch/middleware/executor.rb:14:in `call'
actionpack (6.0.2.1) lib/action_dispatch/middleware/static.rb:126:in `call'
rack (2.1.1) lib/rack/sendfile.rb:113:in `call'
actionpack (6.0.2.1) lib/action_dispatch/middleware/host_authorization.rb:83:in `call'
rack-cors (1.1.1) lib/rack/cors.rb:100:in `call'
railties (6.0.2.1) lib/rails/engine.rb:526:in `call'
puma (3.12.2) lib/puma/configuration.rb:227:in `call'
puma (3.12.2) lib/puma/server.rb:674:in `handle_request'
puma (3.12.2) lib/puma/server.rb:476:in `process_client'
puma (3.12.2) lib/puma/server.rb:334:in `block in run'
puma (3.12.2) lib/puma/thread_pool.rb:135:in `block in spawn_thread'
Started GET "/api/v1/credit_cards" for ::1 at 2020-01-22 08:40:24 -0600
  [1m[35m (0.4ms)[0m  [1m[34mSELECT sqlite_version(*)[0m
  [1m[35m (0.2ms)[0m  [1m[34mSELECT "schema_migrations"."version" FROM "schema_migrations" ORDER BY "schema_migrations"."version" ASC[0m
Processing by Api::V1::CreditCardsController#index as HTML
  [1m[36mCreditCard Load (0.2ms)[0m  [1m[34mSELECT "credit_cards".* FROM "credit_cards"[0m
  ↳ app/controllers/credit_cards_controller.rb:5:in `index'
  [1m[36mTransaction Load (0.1ms)[0m  [1m[34mSELECT "transactions".* FROM "transactions" WHERE "transactions"."credit_card_id" = ?[0m  [["credit_card_id", 1]]
  ↳ app/controllers/credit_cards_controller.rb:5:in `index'
Completed 200 OK in 59ms (Views: 45.4ms | ActiveRecord: 1.7ms | Allocations: 14771)


Started GET "/api/v1/credit_cards" for ::1 at 2020-01-22 08:41:43 -0600
Processing by Api::V1::CreditCardsController#index as */*
  [1m[36mCreditCard Load (0.1ms)[0m  [1m[34mSELECT "credit_cards".* FROM "credit_cards"[0m
  ↳ app/controllers/credit_cards_controller.rb:5:in `index'
  [1m[36mTransaction Load (0.1ms)[0m  [1m[34mSELECT "transactions".* FROM "transactions" WHERE "transactions"."credit_card_id" = ?[0m  [["credit_card_id", 1]]
  ↳ app/controllers/credit_cards_controller.rb:5:in `index'
Completed 200 OK in 4ms (Views: 3.7ms | ActiveRecord: 0.3ms | Allocations: 1947)


Started GET "/api/v1/credit_cards" for ::1 at 2020-01-22 10:14:50 -0600
  [1m[35m (1.0ms)[0m  [1m[34mSELECT sqlite_version(*)[0m
  [1m[35m (0.1ms)[0m  [1m[34mSELECT "schema_migrations"."version" FROM "schema_migrations" ORDER BY "schema_migrations"."version" ASC[0m
Processing by Api::V1::CreditCardsController#index as */*
  [1m[36mCreditCard Load (0.2ms)[0m  [1m[34mSELECT "credit_cards".* FROM "credit_cards"[0m
  ↳ app/controllers/credit_cards_controller.rb:5:in `index'
  [1m[36mTransaction Load (0.2ms)[0m  [1m[34mSELECT "transactions".* FROM "transactions" WHERE "transactions"."credit_card_id" = ?[0m  [["credit_card_id", 1]]
  ↳ app/controllers/credit_cards_controller.rb:5:in `index'
Completed 200 OK in 51ms (Views: 45.2ms | ActiveRecord: 2.5ms | Allocations: 14774)


Started GET "/api/v1/credit_cards" for ::1 at 2020-01-22 10:29:03 -0600
  [1m[35m (0.4ms)[0m  [1m[34mSELECT sqlite_version(*)[0m
  [1m[35m (0.2ms)[0m  [1m[34mSELECT "schema_migrations"."version" FROM "schema_migrations" ORDER BY "schema_migrations"."version" ASC[0m
Processing by Api::V1::CreditCardsController#index as */*
  [1m[36mCreditCard Load (0.2ms)[0m  [1m[34mSELECT "credit_cards".* FROM "credit_cards"[0m
  ↳ app/controllers/credit_cards_controller.rb:5:in `index'
  [1m[36mTransaction Load (0.1ms)[0m  [1m[34mSELECT "transactions".* FROM "transactions" WHERE "transactions"."credit_card_id" = ?[0m  [["credit_card_id", 1]]
  ↳ app/controllers/credit_cards_controller.rb:5:in `index'
Completed 200 OK in 36ms (Views: 21.7ms | ActiveRecord: 2.5ms | Allocations: 14745)


Started GET "/api/v1/credit_cards" for ::1 at 2020-01-22 10:29:40 -0600
Processing by Api::V1::CreditCardsController#index as */*
  [1m[36mCreditCard Load (0.1ms)[0m  [1m[34mSELECT "credit_cards".* FROM "credit_cards"[0m
  ↳ app/controllers/credit_cards_controller.rb:5:in `index'
  [1m[36mTransaction Load (0.7ms)[0m  [1m[34mSELECT "transactions".* FROM "transactions" WHERE "transactions"."credit_card_id" = ?[0m  [["credit_card_id", 1]]
  ↳ app/controllers/credit_cards_controller.rb:5:in `index'
Completed 200 OK in 4ms (Views: 3.1ms | ActiveRecord: 0.8ms | Allocations: 1946)


Started GET "/api/v1/credit_cards" for ::1 at 2020-01-22 10:32:29 -0600
Processing by Api::V1::CreditCardsController#index as */*
  [1m[36mCreditCard Load (0.1ms)[0m  [1m[34mSELECT "credit_cards".* FROM "credit_cards"[0m
  ↳ app/controllers/credit_cards_controller.rb:5:in `index'
  [1m[36mTransaction Load (0.1ms)[0m  [1m[34mSELECT "transactions".* FROM "transactions" WHERE "transactions"."credit_card_id" = ?[0m  [["credit_card_id", 1]]
  ↳ app/controllers/credit_cards_controller.rb:5:in `index'
Completed 200 OK in 3ms (Views: 2.8ms | ActiveRecord: 0.2ms | Allocations: 1946)


Started GET "/api/v1/credit_cards" for ::1 at 2020-01-22 10:35:20 -0600
Processing by Api::V1::CreditCardsController#index as */*
  [1m[36mCreditCard Load (0.1ms)[0m  [1m[34mSELECT "credit_cards".* FROM "credit_cards"[0m
  ↳ app/controllers/credit_cards_controller.rb:5:in `index'
  [1m[36mTransaction Load (0.1ms)[0m  [1m[34mSELECT "transactions".* FROM "transactions" WHERE "transactions"."credit_card_id" = ?[0m  [["credit_card_id", 1]]
  ↳ app/controllers/credit_cards_controller.rb:5:in `index'
Completed 200 OK in 4ms (Views: 3.4ms | ActiveRecord: 0.3ms | Allocations: 1946)


Started GET "/api/v1/credit_cards" for ::1 at 2020-01-22 10:37:51 -0600
Processing by Api::V1::CreditCardsController#index as */*
  [1m[36mCreditCard Load (0.1ms)[0m  [1m[34mSELECT "credit_cards".* FROM "credit_cards"[0m
  ↳ app/controllers/credit_cards_controller.rb:5:in `index'
  [1m[36mTransaction Load (0.1ms)[0m  [1m[34mSELECT "transactions".* FROM "transactions" WHERE "transactions"."credit_card_id" = ?[0m  [["credit_card_id", 1]]
  ↳ app/controllers/credit_cards_controller.rb:5:in `index'
Completed 200 OK in 2ms (Views: 1.9ms | ActiveRecord: 0.2ms | Allocations: 1946)


Started GET "/api/v1/credit_cards" for ::1 at 2020-01-22 10:37:53 -0600
Processing by Api::V1::CreditCardsController#index as */*
  [1m[36mCreditCard Load (0.2ms)[0m  [1m[34mSELECT "credit_cards".* FROM "credit_cards"[0m
  ↳ app/controllers/credit_cards_controller.rb:5:in `index'
  [1m[36mTransaction Load (0.2ms)[0m  [1m[34mSELECT "transactions".* FROM "transactions" WHERE "transactions"."credit_card_id" = ?[0m  [["credit_card_id", 1]]
  ↳ app/controllers/credit_cards_controller.rb:5:in `index'
Completed 200 OK in 5ms (Views: 4.1ms | ActiveRecord: 0.4ms | Allocations: 1928)


Started GET "/api/v1/credit_cards" for ::1 at 2020-01-22 10:42:20 -0600
Processing by Api::V1::CreditCardsController#index as */*
  [1m[36mCreditCard Load (0.2ms)[0m  [1m[34mSELECT "credit_cards".* FROM "credit_cards"[0m
  ↳ app/controllers/credit_cards_controller.rb:5:in `index'
  [1m[36mTransaction Load (0.2ms)[0m  [1m[34mSELECT "transactions".* FROM "transactions" WHERE "transactions"."credit_card_id" = ?[0m  [["credit_card_id", 1]]
  ↳ app/controllers/credit_cards_controller.rb:5:in `index'
Completed 200 OK in 5ms (Views: 4.4ms | ActiveRecord: 0.5ms | Allocations: 1928)


Started GET "/api/v1/credit_cards" for ::1 at 2020-01-22 10:48:18 -0600
  [1m[35m (0.0ms)[0m  [1m[34mSELECT sqlite_version(*)[0m
Processing by Api::V1::CreditCardsController#index as */*
  [1m[36mCreditCard Load (0.2ms)[0m  [1m[34mSELECT "credit_cards".* FROM "credit_cards"[0m
  ↳ app/controllers/credit_cards_controller.rb:5:in `index'
  [1m[36mTransaction Load (0.2ms)[0m  [1m[34mSELECT "transactions".* FROM "transactions" WHERE "transactions"."credit_card_id" = ?[0m  [["credit_card_id", 1]]
  ↳ app/controllers/credit_cards_controller.rb:5:in `index'
Completed 200 OK in 4ms (Views: 3.8ms | ActiveRecord: 0.4ms | Allocations: 1967)


Started GET "/api/v1/credit_cards" for ::1 at 2020-01-22 10:50:21 -0600
Processing by Api::V1::CreditCardsController#index as */*
  [1m[36mCreditCard Load (0.2ms)[0m  [1m[34mSELECT "credit_cards".* FROM "credit_cards"[0m
  ↳ app/controllers/credit_cards_controller.rb:5:in `index'
  [1m[36mTransaction Load (0.2ms)[0m  [1m[34mSELECT "transactions".* FROM "transactions" WHERE "transactions"."credit_card_id" = ?[0m  [["credit_card_id", 1]]
  ↳ app/controllers/credit_cards_controller.rb:5:in `index'
Completed 200 OK in 4ms (Views: 3.7ms | ActiveRecord: 0.4ms | Allocations: 1928)


Started GET "/api/v1/credit_cards" for ::1 at 2020-01-22 10:52:48 -0600
Processing by Api::V1::CreditCardsController#index as */*
  [1m[36mCreditCard Load (0.2ms)[0m  [1m[34mSELECT "credit_cards".* FROM "credit_cards"[0m
  ↳ app/controllers/credit_cards_controller.rb:5:in `index'
  [1m[36mTransaction Load (0.2ms)[0m  [1m[34mSELECT "transactions".* FROM "transactions" WHERE "transactions"."credit_card_id" = ?[0m  [["credit_card_id", 1]]
  ↳ app/controllers/credit_cards_controller.rb:5:in `index'
Completed 200 OK in 6ms (Views: 5.0ms | ActiveRecord: 0.4ms | Allocations: 1928)


Started GET "/api/v1/credit_cards" for ::1 at 2020-01-22 10:54:46 -0600
Processing by Api::V1::CreditCardsController#index as */*
  [1m[36mCreditCard Load (0.1ms)[0m  [1m[34mSELECT "credit_cards".* FROM "credit_cards"[0m
  ↳ app/controllers/credit_cards_controller.rb:5:in `index'
  [1m[36mTransaction Load (0.1ms)[0m  [1m[34mSELECT "transactions".* FROM "transactions" WHERE "transactions"."credit_card_id" = ?[0m  [["credit_card_id", 1]]
  ↳ app/controllers/credit_cards_controller.rb:5:in `index'
Completed 200 OK in 2ms (Views: 2.0ms | ActiveRecord: 0.2ms | Allocations: 1928)


